<?xml version="1.0" encoding="UTF-8"?>
<testng-results ignored="0" total="1" passed="1" failed="0" skipped="0">
  <reporter-output>
  </reporter-output>
  <suite started-at="2022-01-18T06:35:51Z" name="Default suite" finished-at="2022-01-18T06:36:46Z" duration-ms="55752">
    <groups>
    </groups>
    <test started-at="2022-01-18T06:35:51Z" name="Default test" finished-at="2022-01-18T06:36:46Z" duration-ms="55752">
      <class name="org.trainingtest.trainingtest">
        <test-method is-config="true" signature="testingclass()[pri:0, instance:org.trainingtest.trainingtest@10a9d961]" started-at="2022-01-18T06:35:51Z" name="testingclass" finished-at="2022-01-18T06:36:40Z" duration-ms="49541" status="PASS">
          <reporter-output>
          </reporter-output>
        </test-method> <!-- testingclass -->
        <test-method is-config="true" signature="beforetest()[pri:0, instance:org.trainingtest.trainingtest@10a9d961]" started-at="2022-01-18T06:36:40Z" name="beforetest" finished-at="2022-01-18T06:36:41Z" duration-ms="673" status="PASS">
          <reporter-output>
          </reporter-output>
        </test-method> <!-- beforetest -->
        <test-method signature="testingstarted()[pri:0, instance:org.trainingtest.trainingtest@10a9d961]" started-at="2022-01-18T06:36:41Z" name="testingstarted" finished-at="2022-01-18T06:36:46Z" duration-ms="4890" status="PASS">
          <reporter-output>
          </reporter-output>
        </test-method> <!-- testingstarted -->
        <test-method is-config="true" signature="testpasssed()[pri:0, instance:org.trainingtest.trainingtest@10a9d961]" started-at="2022-01-18T06:36:46Z" name="testpasssed" finished-at="2022-01-18T06:36:46Z" duration-ms="1" status="PASS">
          <reporter-output>
          </reporter-output>
        </test-method> <!-- testpasssed -->
        <test-method is-config="true" signature="closing()[pri:0, instance:org.trainingtest.trainingtest@10a9d961]" started-at="2022-01-18T06:36:46Z" name="closing" finished-at="2022-01-18T06:36:46Z" duration-ms="546" status="PASS">
          <reporter-output>
          </reporter-output>
        </test-method> <!-- closing -->
      </class> <!-- org.trainingtest.trainingtest -->
    </test> <!-- Default test -->
  </suite> <!-- Default suite -->
</testng-results>
